{
  "stats": {
    "suites": 0,
    "tests": 11,
    "passes": 11,
    "pending": 0,
    "failures": 0,
    "start": "2023-06-21T07:29:16.142Z",
    "end": "2023-06-21T07:30:49.385Z",
    "duration": 93243,
    "testsRegistered": 11,
    "passPercent": 100,
    "pendingPercent": 0,
    "other": 0,
    "hasOther": false,
    "skipped": 0,
    "hasSkipped": false
  },
  "results": [
    {
      "uuid": "16dc3016-eae2-4567-8d75-7e4f2078c30c",
      "title": "",
      "fullFile": "cypress\\e2e\\testy_vinyltamka.cy.js",
      "file": "cypress\\e2e\\testy_vinyltamka.cy.js",
      "beforeHooks": [],
      "afterHooks": [],
      "tests": [
        {
          "title": "Logowanie do witryny sklepu z użyciem błędnego hasła i poprawnego adresu e-mail",
          "fullTitle": "Logowanie do witryny sklepu z użyciem błędnego hasła i poprawnego adresu e-mail",
          "timedOut": null,
          "duration": 8407,
          "state": "passed",
          "speed": "medium",
          "pass": true,
          "fail": false,
          "pending": false,
          "context": null,
          "code": "cy.get('#fx-user').click();\ncy.get('#mail_input_long').type('temp44@r44.int.pl');\ncy.get('#pass_input_long').type('Haslo123456!!!'); //poprawne hasło: Haslo123456!\ncy.wait(1000);\ncy.get('.login-inner > fieldset > .btn > span').click();",
          "err": {},
          "uuid": "806ec973-540a-41b4-b695-a300580a5465",
          "parentUUID": "16dc3016-eae2-4567-8d75-7e4f2078c30c",
          "isHook": false,
          "skipped": false
        },
        {
          "title": "Logowanie do witryny sklepu z użyciem poprawnego hasła i poprawnego adresu e-mail",
          "fullTitle": "Logowanie do witryny sklepu z użyciem poprawnego hasła i poprawnego adresu e-mail",
          "timedOut": null,
          "duration": 10359,
          "state": "passed",
          "speed": "slow",
          "pass": true,
          "fail": false,
          "pending": false,
          "context": null,
          "code": "cy.Logowanie();\ncy.wait(2000);\ncy.get('.logout > span').click();\ncy.get('.alert-success > .row > p').should('contain', 'Zostałeś pomyślnie wylogowany.');",
          "err": {},
          "uuid": "4ab7bd5f-0c08-4926-b00a-4b4433a99858",
          "parentUUID": "16dc3016-eae2-4567-8d75-7e4f2078c30c",
          "isHook": false,
          "skipped": false
        },
        {
          "title": "Dodanie produktu do ulubionych i sprawdzenie czy znajduję się na liście w panelu użytkownika",
          "fullTitle": "Dodanie produktu do ulubionych i sprawdzenie czy znajduję się na liście w panelu użytkownika",
          "timedOut": null,
          "duration": 13643,
          "state": "passed",
          "speed": "slow",
          "pass": true,
          "fail": false,
          "pending": false,
          "context": null,
          "code": "cy.Logowanie();\ncy.get('input[name=\"search\"]').type('SLAYER');\ncy.get('.js__search-submit-btn').click();\ncy.get('[data-product-id=\"60035\"] > .product-inner-wrap > .prodimage > .f-grid-12 > img').click();\ncy.get('.addtofav').click(); // Dodaj produkt do ulubionych\ncy.get('#fx-user').click();\ncy.get('.prodstorage > span').click();\n// Sprawdź, czy wiadomość o pomyślnym dodaniu do ulubionych jest wyświetlana\ncy.contains('Produkty w przechowalni').should('be.visible');",
          "err": {},
          "uuid": "2510168c-f578-4ce6-b993-6561438b910b",
          "parentUUID": "16dc3016-eae2-4567-8d75-7e4f2078c30c",
          "isHook": false,
          "skipped": false
        },
        {
          "title": "Dodanie produktu do koszyka",
          "fullTitle": "Dodanie produktu do koszyka",
          "timedOut": null,
          "duration": 5744,
          "state": "passed",
          "speed": "medium",
          "pass": true,
          "fail": false,
          "pending": false,
          "context": null,
          "code": "cy.get('#headlink5').click();\ncy.get('.addtobasket > span').click();\ncy.get('.ajax-product-block > .left').click();\ncy.get('header').scrollIntoView();\ncy.get(':nth-child(2) > .count').click();\ncy.wait(1000);\ncy.url().should('contain', 'basket'); //sprawdzenie czy aktualnie jestesmy na stronie koszyka",
          "err": {},
          "uuid": "f9dc2492-ed38-4e29-a6b8-bd5212dff5d5",
          "parentUUID": "16dc3016-eae2-4567-8d75-7e4f2078c30c",
          "isHook": false,
          "skipped": false
        },
        {
          "title": "Wyświetlenie produktów w kategorii Stare wydania",
          "fullTitle": "Wyświetlenie produktów w kategorii Stare wydania",
          "timedOut": null,
          "duration": 12395,
          "state": "passed",
          "speed": "slow",
          "pass": true,
          "fail": false,
          "pending": false,
          "context": null,
          "code": "cy.get('#headlink4 > span').click();\ncy.wait(1000);\ncy.get('#filter_category_14').click().find(' ul > :nth-child(1) > a > span').click(); //.select('Stare wydania').should('have.value','Stare wydania')\ncy.wait(1000);\ncy.get('.category-name').should('be.visible');",
          "err": {},
          "uuid": "49b633bb-2d0e-4c7a-8773-a6b155d32a25",
          "parentUUID": "16dc3016-eae2-4567-8d75-7e4f2078c30c",
          "isHook": false,
          "skipped": false
        },
        {
          "title": "Dodanie produktu do koszyka",
          "fullTitle": "Dodanie produktu do koszyka",
          "timedOut": null,
          "duration": 8316,
          "state": "passed",
          "speed": "medium",
          "pass": true,
          "fail": false,
          "pending": false,
          "context": null,
          "code": "cy.get('#headlink5').click();\ncy.get('.addtobasket > span').click();\ncy.get('.ajax-product-block > .left').click();\ncy.get('header').scrollIntoView();\ncy.get(':nth-child(2) > .count').click();\ncy.wait(1000);\ncy.url().should('contain', 'basket'); //sprawdzenie czy aktualnie jestesmy na stronie koszyka\ncy.get('.prodremove > .fa').click();\ncy.wait(1000);\ncy.get('.row > p').should('contain', 'Produkt usunięty z koszyka.');",
          "err": {},
          "uuid": "be7498b6-b5f7-4f83-a56e-7c31f02cb61f",
          "parentUUID": "16dc3016-eae2-4567-8d75-7e4f2078c30c",
          "isHook": false,
          "skipped": false
        },
        {
          "title": "Próba zaapisanie się do newsletter na błędnie podany e-mail",
          "fullTitle": "Próba zaapisanie się do newsletter na błędnie podany e-mail",
          "timedOut": null,
          "duration": 4049,
          "state": "passed",
          "speed": "fast",
          "pass": true,
          "fail": false,
          "pending": false,
          "context": null,
          "code": "cy.get('footer').scrollIntoView();\ncy.get('.newsletter-input').type('ewa.nowak#gmail.com');\ncy.get('.innerbox > form > :nth-child(1) > .btn').click();\ncy.contains('Nieprawidłowy format adresu e-mail.').should('be.visible');\ncy.get('.close > span').click();",
          "err": {},
          "uuid": "c7f5beaa-31b3-4fb6-93be-d9a2efd1463d",
          "parentUUID": "16dc3016-eae2-4567-8d75-7e4f2078c30c",
          "isHook": false,
          "skipped": false
        },
        {
          "title": "Posortowanie wybranej kategorii BONY PREZENTOWE po najniższej cenie",
          "fullTitle": "Posortowanie wybranej kategorii BONY PREZENTOWE po najniższej cenie",
          "timedOut": null,
          "duration": 3499,
          "state": "passed",
          "speed": "fast",
          "pass": true,
          "fail": false,
          "pending": false,
          "context": null,
          "code": "// Wejdź w kategorię \"BONY PREZENTOWE\"\ncy.get('#headlink19 > span').click();\n// Kliknij na rozwijane MENU sortowania\ncy.get('.gotourl').select('/pl/c/Bony-Prezentowe/61/1/default/3').should('have.value', '/pl/c/Bony-Prezentowe/61/1/default/3', 'be.visible');",
          "err": {},
          "uuid": "57e95adb-043a-4ef4-92a4-06979529ac5c",
          "parentUUID": "16dc3016-eae2-4567-8d75-7e4f2078c30c",
          "isHook": false,
          "skipped": false
        },
        {
          "title": "Dodawanie komentarza w kategorii BLOG",
          "fullTitle": "Dodawanie komentarza w kategorii BLOG",
          "timedOut": null,
          "duration": 5835,
          "state": "passed",
          "speed": "medium",
          "pass": true,
          "fail": false,
          "pending": false,
          "context": null,
          "code": "cy.get('#headlink13 > span').click();\ncy.get(':nth-child(2) > .readmore').should('be.visible'); // Sprawdzenie czy znajdujemy się w kategorii BLOG\ncy.get(':nth-child(2) > .fx-img').click();\ncy.get('#commentuser').type('Piter');\ncy.get('#comment').type('Kawał dobrej muzyki.');\n//     // Assert działa po pojawieniu się wpisu \"Komentarz został dodany\"\n//     // Dodanie komentarza jednorazowe, żeby nie spamować API strony :) zostało przetestowane na innym wpisie.\ncy.get('fieldset > .btn > span').click();\ncy.contains('Komentarz został dodany.').should('be.visible');",
          "err": {},
          "uuid": "a8b41ce6-8b96-4763-91ae-738b98ffa94e",
          "parentUUID": "16dc3016-eae2-4567-8d75-7e4f2078c30c",
          "isHook": false,
          "skipped": false
        },
        {
          "title": "Wyszukanie produktów posiadające w nazwie słowo GENESIS\"",
          "fullTitle": "Wyszukanie produktów posiadające w nazwie słowo GENESIS\"",
          "timedOut": null,
          "duration": 3641,
          "state": "passed",
          "speed": "fast",
          "pass": true,
          "fail": false,
          "pending": false,
          "context": null,
          "code": "cy.get('.search__input').click();\ncy.get('input[name=\"search\"]').type('GENESIS');\ncy.get('.js__search-submit-btn').click();\n// Sprawdź, czy wyniki wyszukiwania zawierają słowo \"GENESIS\"\ncy.contains('GENESIS').should('be.visible');",
          "err": {},
          "uuid": "f8462143-feba-489b-9117-7533c6483a92",
          "parentUUID": "16dc3016-eae2-4567-8d75-7e4f2078c30c",
          "isHook": false,
          "skipped": false
        },
        {
          "title": "Dodanie produktu z listy ulubionych do koszyka",
          "fullTitle": "Dodanie produktu z listy ulubionych do koszyka",
          "timedOut": null,
          "duration": 14340,
          "state": "passed",
          "speed": "slow",
          "pass": true,
          "fail": false,
          "pending": false,
          "context": null,
          "code": "cy.Logowanie();\ncy.get('input[name=\"search\"]').type('SLAYER');\ncy.get('.js__search-submit-btn').click();\ncy.get('[data-product-id=\"60035\"] > .product-inner-wrap > .prodimage > .f-grid-12 > img').click();\ncy.get('.addtofav').click(); // Dodaj produkt do ulubionych\ncy.get('#fx-user').click();\ncy.get('.prodstorage > span').click();\ncy.get('.btn-red2 > span').click({\n  force: true\n});\ncy.get(':nth-child(2) > .count').click();\ncy.url().should('contain', 'basket'); //sprawdzenie czy aktualnie jestesmy na stronie koszyka\ncy.get('.important > span').should('be.visible');",
          "err": {},
          "uuid": "b6b1c856-e84e-4a97-9409-91c21a358ed3",
          "parentUUID": "16dc3016-eae2-4567-8d75-7e4f2078c30c",
          "isHook": false,
          "skipped": false
        }
      ],
      "suites": [],
      "passes": [
        "806ec973-540a-41b4-b695-a300580a5465",
        "4ab7bd5f-0c08-4926-b00a-4b4433a99858",
        "2510168c-f578-4ce6-b993-6561438b910b",
        "f9dc2492-ed38-4e29-a6b8-bd5212dff5d5",
        "49b633bb-2d0e-4c7a-8773-a6b155d32a25",
        "be7498b6-b5f7-4f83-a56e-7c31f02cb61f",
        "c7f5beaa-31b3-4fb6-93be-d9a2efd1463d",
        "57e95adb-043a-4ef4-92a4-06979529ac5c",
        "a8b41ce6-8b96-4763-91ae-738b98ffa94e",
        "f8462143-feba-489b-9117-7533c6483a92",
        "b6b1c856-e84e-4a97-9409-91c21a358ed3"
      ],
      "failures": [],
      "pending": [],
      "skipped": [],
      "duration": 90228,
      "root": true,
      "rootEmpty": false,
      "_timeout": 2000
    }
  ],
  "meta": {
    "mocha": {
      "version": "7.0.1"
    },
    "mochawesome": {
      "options": {
        "quiet": false,
        "reportFilename": "[name]-report",
        "saveHtml": true,
        "saveJson": true,
        "consoleReporter": "spec",
        "useInlineDiffs": false,
        "code": true
      },
      "version": "7.1.3"
    },
    "marge": {
      "options": {
        "reportFilename": "[name]-report",
        "overwrite": true,
        "html": true,
        "json": true
      },
      "version": "6.2.0"
    }
  }
}